<?xml version="1.0" encoding="UTF-8"?>
<coverage generated="1651533039">
  <project timestamp="1651533039">
    <file name="/home/ron/Github/GeoJSON/src/Abstracts/GeoJsonObject.php">
      <class name="RonAppleton\GeoJson\Abstracts\GeoJsonObject" namespace="global">
        <metrics complexity="1" methods="1" coveredmethods="1" conditionals="0" coveredconditionals="0" statements="1" coveredstatements="1" elements="2" coveredelements="2"/>
      </class>
      <line num="13" type="method" name="__construct" visibility="public" complexity="1" crap="1" count="40"/>
      <metrics loc="19" ncloc="19" classes="1" methods="1" coveredmethods="1" conditionals="0" coveredconditionals="0" statements="1" coveredstatements="1" elements="2" coveredelements="2"/>
    </file>
    <file name="/home/ron/Github/GeoJSON/src/Enums/GeoJsonType.php">
      <class name="RonAppleton\GeoJson\Enums\GeoJsonType" namespace="global">
        <metrics complexity="2" methods="1" coveredmethods="1" conditionals="0" coveredconditionals="0" statements="4" coveredstatements="4" elements="5" coveredelements="5"/>
      </class>
      <line num="23" type="method" name="values" visibility="public" complexity="2" crap="2" count="1"/>
      <line num="25" type="stmt" count="1"/>
      <line num="27" type="stmt" count="1"/>
      <line num="28" type="stmt" count="1"/>
      <line num="31" type="stmt" count="1"/>
      <metrics loc="34" ncloc="31" classes="1" methods="1" coveredmethods="1" conditionals="0" coveredconditionals="0" statements="4" coveredstatements="4" elements="5" coveredelements="5"/>
    </file>
    <file name="/home/ron/Github/GeoJSON/src/Exceptions/NotEnoughPoints.php">
      <class name="RonAppleton\GeoJson\Exceptions\NotEnoughPoints" namespace="global">
        <metrics complexity="1" methods="1" coveredmethods="1" conditionals="0" coveredconditionals="0" statements="2" coveredstatements="2" elements="3" coveredelements="3"/>
      </class>
      <line num="14" type="method" name="__construct" visibility="public" complexity="1" crap="1" count="1"/>
      <line num="16" type="stmt" count="1"/>
      <line num="18" type="stmt" count="1"/>
      <metrics loc="21" ncloc="21" classes="1" methods="1" coveredmethods="1" conditionals="0" coveredconditionals="0" statements="2" coveredstatements="2" elements="3" coveredelements="3"/>
    </file>
    <file name="/home/ron/Github/GeoJSON/src/Interfaces/Arrayable.php">
      <metrics loc="11" ncloc="11" classes="0" methods="0" coveredmethods="0" conditionals="0" coveredconditionals="0" statements="0" coveredstatements="0" elements="0" coveredelements="0"/>
    </file>
    <file name="/home/ron/Github/GeoJSON/src/Interfaces/GeoJsonObject.php">
      <metrics loc="10" ncloc="10" classes="0" methods="0" coveredmethods="0" conditionals="0" coveredconditionals="0" statements="0" coveredstatements="0" elements="0" coveredelements="0"/>
    </file>
    <file name="/home/ron/Github/GeoJSON/src/Interfaces/Jsonable.php">
      <metrics loc="10" ncloc="10" classes="0" methods="0" coveredmethods="0" conditionals="0" coveredconditionals="0" statements="0" coveredstatements="0" elements="0" coveredelements="0"/>
    </file>
    <file name="/home/ron/Github/GeoJSON/src/Objects/BoundingBox.php">
      <class name="RonAppleton\GeoJson\Objects\BoundingBox" namespace="global">
        <metrics complexity="4" methods="4" coveredmethods="4" conditionals="0" coveredconditionals="0" statements="6" coveredstatements="6" elements="10" coveredelements="10"/>
      </class>
      <line num="22" type="method" name="getPoints" visibility="public" complexity="1" crap="1" count="1"/>
      <line num="24" type="stmt" count="1"/>
      <line num="27" type="method" name="setPoints" visibility="public" complexity="1" crap="1" count="4"/>
      <line num="29" type="stmt" count="4"/>
      <line num="31" type="stmt" count="4"/>
      <line num="37" type="method" name="toJson" visibility="public" complexity="1" crap="1" count="1"/>
      <line num="39" type="stmt" count="1"/>
      <line num="45" type="method" name="toArray" visibility="public" complexity="1" crap="1" count="2"/>
      <line num="47" type="stmt" count="2"/>
      <line num="49" type="stmt" count="2"/>
      <metrics loc="52" ncloc="40" classes="1" methods="4" coveredmethods="4" conditionals="0" coveredconditionals="0" statements="6" coveredstatements="6" elements="10" coveredelements="10"/>
    </file>
    <file name="/home/ron/Github/GeoJSON/src/Objects/Factory.php">
      <class name="RonAppleton\GeoJson\Objects\Factory" namespace="global">
        <metrics complexity="5" methods="3" coveredmethods="3" conditionals="0" coveredconditionals="0" statements="8" coveredstatements="8" elements="11" coveredelements="11"/>
      </class>
      <line num="17" type="method" name="make" visibility="public" complexity="2" crap="2" count="40"/>
      <line num="19" type="stmt" count="40"/>
      <line num="20" type="stmt" count="15"/>
      <line num="23" type="stmt" count="39"/>
      <line num="26" type="method" name="getClass" visibility="private" complexity="1" crap="1" count="40"/>
      <line num="28" type="stmt" count="40"/>
      <line num="36" type="method" name="getManyObjects" visibility="private" complexity="2" crap="2" count="15"/>
      <line num="38" type="stmt" count="15"/>
      <line num="39" type="stmt" count="15"/>
      <line num="40" type="stmt" count="15"/>
      <line num="43" type="stmt" count="15"/>
      <metrics loc="46" ncloc="36" classes="1" methods="3" coveredmethods="3" conditionals="0" coveredconditionals="0" statements="8" coveredstatements="8" elements="11" coveredelements="11"/>
    </file>
    <file name="/home/ron/Github/GeoJSON/src/Objects/Feature.php">
      <class name="RonAppleton\GeoJson\Objects\Feature" namespace="global">
        <metrics complexity="1" methods="0" coveredmethods="0" conditionals="0" coveredconditionals="0" statements="0" coveredstatements="0" elements="0" coveredelements="0"/>
      </class>
      <metrics loc="16" ncloc="15" classes="0" methods="0" coveredmethods="0" conditionals="0" coveredconditionals="0" statements="0" coveredstatements="0" elements="0" coveredelements="0"/>
    </file>
    <file name="/home/ron/Github/GeoJSON/src/Objects/FeatureCollection.php">
      <class name="RonAppleton\GeoJson\Objects\FeatureCollection" namespace="global">
        <metrics complexity="1" methods="0" coveredmethods="0" conditionals="0" coveredconditionals="0" statements="0" coveredstatements="0" elements="0" coveredelements="0"/>
      </class>
      <metrics loc="16" ncloc="15" classes="0" methods="0" coveredmethods="0" conditionals="0" coveredconditionals="0" statements="0" coveredstatements="0" elements="0" coveredelements="0"/>
    </file>
    <file name="/home/ron/Github/GeoJSON/src/Objects/GeometryCollection.php">
      <class name="RonAppleton\GeoJson\Objects\GeometryCollection" namespace="global">
        <metrics complexity="1" methods="0" coveredmethods="0" conditionals="0" coveredconditionals="0" statements="0" coveredstatements="0" elements="0" coveredelements="0"/>
      </class>
      <metrics loc="16" ncloc="15" classes="0" methods="0" coveredmethods="0" conditionals="0" coveredconditionals="0" statements="0" coveredstatements="0" elements="0" coveredelements="0"/>
    </file>
    <file name="/home/ron/Github/GeoJSON/src/Objects/LineString.php">
      <class name="RonAppleton\GeoJson\Objects\LineString" namespace="global">
        <metrics complexity="6" methods="5" coveredmethods="5" conditionals="0" coveredconditionals="0" statements="9" coveredstatements="9" elements="14" coveredelements="14"/>
      </class>
      <line num="29" type="method" name="getPoints" visibility="public" complexity="1" crap="1" count="3"/>
      <line num="31" type="stmt" count="3"/>
      <line num="37" type="method" name="addPoints" visibility="public" complexity="1" crap="1" count="7"/>
      <line num="39" type="stmt" count="7"/>
      <line num="41" type="stmt" count="7"/>
      <line num="44" type="method" name="addPoint" visibility="public" complexity="1" crap="1" count="2"/>
      <line num="46" type="stmt" count="2"/>
      <line num="48" type="stmt" count="2"/>
      <line num="54" type="method" name="toJson" visibility="public" complexity="1" crap="1" count="1"/>
      <line num="56" type="stmt" count="1"/>
      <line num="62" type="method" name="toArray" visibility="public" complexity="2" crap="2" count="5"/>
      <line num="64" type="stmt" count="5"/>
      <line num="66" type="stmt" count="1"/>
      <line num="69" type="stmt" count="4"/>
      <metrics loc="72" ncloc="57" classes="1" methods="5" coveredmethods="5" conditionals="0" coveredconditionals="0" statements="9" coveredstatements="9" elements="14" coveredelements="14"/>
    </file>
    <file name="/home/ron/Github/GeoJSON/src/Objects/MultiLineString.php">
      <class name="RonAppleton\GeoJson\Objects\MultiLineString" namespace="global">
        <metrics complexity="4" methods="4" coveredmethods="4" conditionals="0" coveredconditionals="0" statements="5" coveredstatements="5" elements="9" coveredelements="9"/>
      </class>
      <line num="21" type="method" name="getLineStrings" visibility="public" complexity="1" crap="1" count="1"/>
      <line num="23" type="stmt" count="1"/>
      <line num="30" type="method" name="setLineStrings" visibility="public" complexity="1" crap="1" count="3"/>
      <line num="32" type="stmt" count="3"/>
      <line num="34" type="stmt" count="3"/>
      <line num="40" type="method" name="toJson" visibility="public" complexity="1" crap="1" count="1"/>
      <line num="42" type="stmt" count="1"/>
      <line num="45" type="method" name="toArray" visibility="public" complexity="1" crap="1" count="2"/>
      <line num="47" type="stmt" count="2"/>
      <metrics loc="50" ncloc="37" classes="1" methods="4" coveredmethods="4" conditionals="0" coveredconditionals="0" statements="5" coveredstatements="5" elements="9" coveredelements="9"/>
    </file>
    <file name="/home/ron/Github/GeoJSON/src/Objects/MultiPoint.php">
      <class name="RonAppleton\GeoJson\Objects\MultiPoint" namespace="global">
        <metrics complexity="4" methods="4" coveredmethods="4" conditionals="0" coveredconditionals="0" statements="5" coveredstatements="5" elements="9" coveredelements="9"/>
      </class>
      <line num="26" type="method" name="getPoints" visibility="public" complexity="1" crap="1" count="2"/>
      <line num="28" type="stmt" count="2"/>
      <line num="31" type="method" name="addPoint" visibility="public" complexity="1" crap="1" count="4"/>
      <line num="33" type="stmt" count="4"/>
      <line num="35" type="stmt" count="4"/>
      <line num="41" type="method" name="toJson" visibility="public" complexity="1" crap="1" count="1"/>
      <line num="43" type="stmt" count="1"/>
      <line num="49" type="method" name="toArray" visibility="public" complexity="1" crap="1" count="2"/>
      <line num="51" type="stmt" count="2"/>
      <metrics loc="54" ncloc="42" classes="1" methods="4" coveredmethods="4" conditionals="0" coveredconditionals="0" statements="5" coveredstatements="5" elements="9" coveredelements="9"/>
    </file>
    <file name="/home/ron/Github/GeoJSON/src/Objects/MultiPolygon.php">
      <class name="RonAppleton\GeoJson\Objects\MultiPolygon" namespace="global">
        <metrics complexity="4" methods="4" coveredmethods="4" conditionals="0" coveredconditionals="0" statements="5" coveredstatements="5" elements="9" coveredelements="9"/>
      </class>
      <line num="21" type="method" name="getPolygons" visibility="public" complexity="1" crap="1" count="1"/>
      <line num="23" type="stmt" count="1"/>
      <line num="30" type="method" name="setPolygons" visibility="public" complexity="1" crap="1" count="3"/>
      <line num="32" type="stmt" count="3"/>
      <line num="34" type="stmt" count="3"/>
      <line num="40" type="method" name="toJson" visibility="public" complexity="1" crap="1" count="1"/>
      <line num="42" type="stmt" count="1"/>
      <line num="48" type="method" name="toArray" visibility="public" complexity="1" crap="1" count="2"/>
      <line num="50" type="stmt" count="2"/>
      <metrics loc="53" ncloc="37" classes="1" methods="4" coveredmethods="4" conditionals="0" coveredconditionals="0" statements="5" coveredstatements="5" elements="9" coveredelements="9"/>
    </file>
    <file name="/home/ron/Github/GeoJSON/src/Objects/Point.php">
      <class name="RonAppleton\GeoJson\Objects\Point" namespace="global">
        <metrics complexity="7" methods="7" coveredmethods="7" conditionals="0" coveredconditionals="0" statements="11" coveredstatements="11" elements="18" coveredelements="18"/>
      </class>
      <line num="21" type="method" name="getLongitude" visibility="public" complexity="1" crap="1" count="4"/>
      <line num="23" type="stmt" count="4"/>
      <line num="26" type="method" name="setLongitude" visibility="public" complexity="1" crap="1" count="2"/>
      <line num="28" type="stmt" count="2"/>
      <line num="30" type="stmt" count="2"/>
      <line num="33" type="method" name="getLatitude" visibility="public" complexity="1" crap="1" count="4"/>
      <line num="35" type="stmt" count="4"/>
      <line num="38" type="method" name="setLatitude" visibility="public" complexity="1" crap="1" count="2"/>
      <line num="40" type="stmt" count="2"/>
      <line num="42" type="stmt" count="2"/>
      <line num="45" type="method" name="setPoints" visibility="public" complexity="1" crap="1" count="26"/>
      <line num="47" type="stmt" count="26"/>
      <line num="48" type="stmt" count="26"/>
      <line num="50" type="stmt" count="26"/>
      <line num="56" type="method" name="toJson" visibility="public" complexity="1" crap="1" count="1"/>
      <line num="58" type="stmt" count="1"/>
      <line num="64" type="method" name="toArray" visibility="public" complexity="1" crap="1" count="14"/>
      <line num="66" type="stmt" count="14"/>
      <metrics loc="69" ncloc="63" classes="1" methods="7" coveredmethods="7" conditionals="0" coveredconditionals="0" statements="11" coveredstatements="11" elements="18" coveredelements="18"/>
    </file>
    <file name="/home/ron/Github/GeoJSON/src/Objects/Polygon.php">
      <class name="RonAppleton\GeoJson\Objects\Polygon" namespace="global">
        <metrics complexity="4" methods="4" coveredmethods="4" conditionals="0" coveredconditionals="0" statements="5" coveredstatements="5" elements="9" coveredelements="9"/>
      </class>
      <line num="21" type="method" name="getPoints" visibility="public" complexity="1" crap="1" count="1"/>
      <line num="23" type="stmt" count="1"/>
      <line num="30" type="method" name="setPoints" visibility="public" complexity="1" crap="1" count="6"/>
      <line num="32" type="stmt" count="6"/>
      <line num="34" type="stmt" count="6"/>
      <line num="40" type="method" name="toJson" visibility="public" complexity="1" crap="1" count="1"/>
      <line num="42" type="stmt" count="1"/>
      <line num="48" type="method" name="toArray" visibility="public" complexity="1" crap="1" count="4"/>
      <line num="50" type="stmt" count="4"/>
      <metrics loc="53" ncloc="37" classes="1" methods="4" coveredmethods="4" conditionals="0" coveredconditionals="0" statements="5" coveredstatements="5" elements="9" coveredelements="9"/>
    </file>
    <metrics files="17" loc="602" ncloc="496" classes="11" methods="38" coveredmethods="38" conditionals="0" coveredconditionals="0" statements="61" coveredstatements="61" elements="99" coveredelements="99"/>
  </project>
</coverage>
